[gamehaxtools.com/fortnite/index.html]
[backblue.gif]
[fade.gif]
[index.html]
[browser.sentry-cdn.com/6.4.1/bundle.min.js]
[www.google-analytics.com/analytics.js]
[d13pxqgp3ixdbh.cloudfront.net/uploads/1626065346116971bcc53c03f0a9f7afb21eb59370.jpg]
[gamehaxtools.com/fortnite/style.3.delayed]
[d13pxqgp3ixdbh.cloudfront.net/uploads/1626068936781feba6d99a5d4953bbed274fc7bce9.png]
[d13pxqgp3ixdbh.cloudfront.net/uploads/1624193959ba657a825f7b4e008476daeaee938302.gif]
[d13pxqgp3ixdbh.cloudfront.net/uploads/1605198014035313f8750beb78e821cd36e4ee628d.png]
[d13pxqgp3ixdbh.cloudfront.net/uploads/1605198014adf9ffe4eda0156f09da916c366d22ef.png]
[d13pxqgp3ixdbh.cloudfront.net/uploads/16051980144ce75ba5e52cd007902df6b41335efdc.png]
[d13pxqgp3ixdbh.cloudfront.net/uploads/1626066941c58a3c363040a8d054036a173e345adf.png]
[d13pxqgp3ixdbh.cloudfront.net/uploads/16260669412f5067333287c84b126e18312959d61c.png]
[d13pxqgp3ixdbh.cloudfront.net/uploads/16260669433607fa8040e933f49432489604cf75c1.png]
[d13pxqgp3ixdbh.cloudfront.net/uploads/162606694325228d6dbb51392a7781e9e1a7bd136a.png]
[d13pxqgp3ixdbh.cloudfront.net/uploads/1626067755a05ca4d06654de29ef1eb88b2fd5489f.png]
[d13pxqgp3ixdbh.cloudfront.net/uploads/16051909308f891e9d7975618c86331c3b28d9a6ba.png]
[d13pxqgp3ixdbh.cloudfront.net/uploads/16051909312baafdaa04e30dd4c4f66b0de4c4353f.png]
[d13pxqgp3ixdbh.cloudfront.net/uploads/160436571329924a368b12ab7c763d16a4ce7c06b1.png]
[d13pxqgp3ixdbh.cloudfront.net/uploads/160436571804e3337a5b5284fc5053910a1c9c9bc1.png]
[d13pxqgp3ixdbh.cloudfront.net/uploads/160436570838a5323925fd8eb22f0ba979d3d5e84c.png]
[d13pxqgp3ixdbh.cloudfront.net/uploads/1604533640efc5a3326a5831320a2fbb0557d7cf3c.png]
[gamehaxtools.com/fortnite/main.14.delayed]
[ajax.googleapis.com/ajax/libs/jquery/2.2.4/jquery.min.js]
[d13nu0oomnx5ti.cloudfront.net/fc7c397.js]
[gamehaxtools.com/fortnite/customTemplateGlobal.17.delayed]
[gamehaxtools.com/fortnite/index.html]
[gamehaxtools.com/fortnite/style.html]
[gamehaxtools.com/fortnite/main.html]
[gamehaxtools.com/fortnite/customTemplateGlobal.html]
